[0.357s] DEBUG:colcon:Command line arguments: ['/usr/bin/colcon', 'build']
[0.358s] DEBUG:colcon:Parsed command line arguments: Namespace(log_base=None, log_level=None, verb_name='build', build_base='build', install_base='install', merge_install=False, symlink_install=False, test_result_base=None, continue_on_error=False, executor='parallel', parallel_workers=8, event_handlers=None, ignore_user_meta=False, metas=['./colcon.meta'], base_paths=['.'], packages_ignore=None, packages_ignore_regex=None, paths=None, packages_up_to=None, packages_up_to_regex=None, packages_above=None, packages_above_and_dependencies=None, packages_above_depth=None, packages_select_by_dep=None, packages_skip_by_dep=None, packages_skip_up_to=None, packages_select_build_failed=False, packages_skip_build_finished=False, packages_select_test_failures=False, packages_skip_test_passed=False, packages_select=None, packages_skip=None, packages_select_regex=None, packages_skip_regex=None, packages_start=None, packages_end=None, cmake_args=None, cmake_target=None, cmake_target_skip_unavailable=False, cmake_clean_cache=False, cmake_clean_first=False, cmake_force_configure=False, ament_cmake_args=None, catkin_cmake_args=None, catkin_skip_building_tests=False, mixin_files=None, mixin=None, verb_parser=<colcon_mixin.mixin.mixin_argument.MixinArgumentDecorator object at 0x7a7e76c65540>, verb_extension=<colcon_core.verb.build.BuildVerb object at 0x7a7e76c64dc0>, main=<bound method BuildVerb.main of <colcon_core.verb.build.BuildVerb object at 0x7a7e76c64dc0>>, mixin_verb=('build',))
[0.815s] Level 1:colcon.colcon_core.package_discovery:discover_packages(colcon_meta) check parameters
[0.819s] INFO:colcon.colcon_metadata.package_discovery.colcon_meta:Using configuration from '/root/.colcon/metadata/default/Gazebo.meta'
[0.820s] INFO:colcon.colcon_metadata.package_discovery.colcon_meta:Using configuration from '/root/.colcon/metadata/default/fastrtps.meta'
[0.820s] Level 1:colcon.colcon_core.package_discovery:discover_packages(recursive) check parameters
[0.820s] Level 1:colcon.colcon_core.package_discovery:discover_packages(ignore) check parameters
[0.820s] Level 1:colcon.colcon_core.package_discovery:discover_packages(path) check parameters
[0.820s] Level 1:colcon.colcon_core.package_discovery:discover_packages(colcon_meta) discover
[0.820s] Level 1:colcon.colcon_core.package_discovery:discover_packages(recursive) discover
[0.821s] INFO:colcon.colcon_core.package_discovery:Crawling recursively for packages in '/root/ros2_ws/src/ur_yt_sim'
[0.821s] Level 1:colcon.colcon_core.package_identification:_identify(.) by extensions ['ignore', 'ignore_ament_install']
[0.821s] Level 1:colcon.colcon_core.package_identification:_identify(.) by extension 'ignore'
[0.821s] Level 1:colcon.colcon_core.package_identification:_identify(.) by extension 'ignore_ament_install'
[0.821s] Level 1:colcon.colcon_core.package_identification:_identify(.) by extensions ['colcon_pkg']
[0.821s] Level 1:colcon.colcon_core.package_identification:_identify(.) by extension 'colcon_pkg'
[0.821s] Level 1:colcon.colcon_core.package_identification:_identify(.) by extensions ['colcon_meta']
[0.821s] Level 1:colcon.colcon_core.package_identification:_identify(.) by extension 'colcon_meta'
[0.822s] Level 1:colcon.colcon_core.package_identification:_identify(.) by extensions ['ros']
[0.822s] Level 1:colcon.colcon_core.package_identification:_identify(.) by extension 'ros'
[0.851s] DEBUG:colcon.colcon_core.package_identification:Package '.' with type 'ros.ament_cmake' and name 'ur_yt_sim'
[0.851s] Level 1:colcon.colcon_core.package_discovery:discover_packages(recursive) using defaults
[0.851s] Level 1:colcon.colcon_core.package_discovery:discover_packages(ignore) discover
[0.852s] Level 1:colcon.colcon_core.package_discovery:discover_packages(ignore) using defaults
[0.852s] Level 1:colcon.colcon_core.package_discovery:discover_packages(path) discover
[0.852s] Level 1:colcon.colcon_core.package_discovery:discover_packages(path) using defaults
[0.908s] Level 5:colcon.colcon_core.verb:set package 'ur_yt_sim' build argument 'cmake_args' from command line to 'None'
[0.908s] Level 5:colcon.colcon_core.verb:set package 'ur_yt_sim' build argument 'cmake_target' from command line to 'None'
[0.908s] Level 5:colcon.colcon_core.verb:set package 'ur_yt_sim' build argument 'cmake_target_skip_unavailable' from command line to 'False'
[0.908s] Level 5:colcon.colcon_core.verb:set package 'ur_yt_sim' build argument 'cmake_clean_cache' from command line to 'False'
[0.908s] Level 5:colcon.colcon_core.verb:set package 'ur_yt_sim' build argument 'cmake_clean_first' from command line to 'False'
[0.908s] Level 5:colcon.colcon_core.verb:set package 'ur_yt_sim' build argument 'cmake_force_configure' from command line to 'False'
[0.908s] Level 5:colcon.colcon_core.verb:set package 'ur_yt_sim' build argument 'ament_cmake_args' from command line to 'None'
[0.908s] Level 5:colcon.colcon_core.verb:set package 'ur_yt_sim' build argument 'catkin_cmake_args' from command line to 'None'
[0.909s] Level 5:colcon.colcon_core.verb:set package 'ur_yt_sim' build argument 'catkin_skip_building_tests' from command line to 'False'
[0.909s] DEBUG:colcon.colcon_core.verb:Building package 'ur_yt_sim' with the following arguments: {'ament_cmake_args': None, 'build_base': '/root/ros2_ws/src/ur_yt_sim/build/ur_yt_sim', 'catkin_cmake_args': None, 'catkin_skip_building_tests': False, 'cmake_args': None, 'cmake_clean_cache': False, 'cmake_clean_first': False, 'cmake_force_configure': False, 'cmake_target': None, 'cmake_target_skip_unavailable': False, 'install_base': '/root/ros2_ws/src/ur_yt_sim/install/ur_yt_sim', 'merge_install': False, 'path': '/root/ros2_ws/src/ur_yt_sim', 'symlink_install': False, 'test_result_base': None}
[0.909s] INFO:colcon.colcon_core.executor:Executing jobs using 'parallel' executor
[0.911s] DEBUG:colcon.colcon_parallel_executor.executor.parallel:run_until_complete
[0.912s] INFO:colcon.colcon_ros.task.ament_cmake.build:Building ROS package in '/root/ros2_ws/src/ur_yt_sim' with build type 'ament_cmake'
[0.912s] INFO:colcon.colcon_cmake.task.cmake.build:Building CMake package in '/root/ros2_ws/src/ur_yt_sim'
[0.925s] INFO:colcon.colcon_core.plugin_system:Skipping extension 'colcon_core.shell.bat': Not used on non-Windows systems
[0.925s] INFO:colcon.colcon_core.shell:Skip shell extension 'powershell' for command environment: Not usable outside of PowerShell
[0.926s] DEBUG:colcon.colcon_core.shell:Skip shell extension 'dsv' for command environment
[0.945s] DEBUG:colcon.colcon_core.event_handler.log_command:Invoking command in '/root/ros2_ws/src/ur_yt_sim/build/ur_yt_sim': CMAKE_PREFIX_PATH=${CMAKE_PREFIX_PATH}:/opt/ros/humble /usr/bin/cmake /root/ros2_ws/src/ur_yt_sim -DCMAKE_INSTALL_PREFIX=/root/ros2_ws/src/ur_yt_sim/install/ur_yt_sim
[4.071s] DEBUG:colcon.colcon_core.event_handler.log_command:Invoked command in '/root/ros2_ws/src/ur_yt_sim/build/ur_yt_sim' returned '0': CMAKE_PREFIX_PATH=${CMAKE_PREFIX_PATH}:/opt/ros/humble /usr/bin/cmake /root/ros2_ws/src/ur_yt_sim -DCMAKE_INSTALL_PREFIX=/root/ros2_ws/src/ur_yt_sim/install/ur_yt_sim
[4.071s] DEBUG:colcon.colcon_core.event_handler.log_command:Invoking command in '/root/ros2_ws/src/ur_yt_sim/build/ur_yt_sim': CMAKE_PREFIX_PATH=${CMAKE_PREFIX_PATH}:/opt/ros/humble /usr/bin/cmake --build /root/ros2_ws/src/ur_yt_sim/build/ur_yt_sim -- -j8 -l8
[4.145s] DEBUG:colcon.colcon_core.event_handler.log_command:Invoked command in '/root/ros2_ws/src/ur_yt_sim/build/ur_yt_sim' returned '0': CMAKE_PREFIX_PATH=${CMAKE_PREFIX_PATH}:/opt/ros/humble /usr/bin/cmake --build /root/ros2_ws/src/ur_yt_sim/build/ur_yt_sim -- -j8 -l8
[4.211s] DEBUG:colcon.colcon_core.event_handler.log_command:Invoking command in '/root/ros2_ws/src/ur_yt_sim/build/ur_yt_sim': CMAKE_PREFIX_PATH=${CMAKE_PREFIX_PATH}:/opt/ros/humble /usr/bin/cmake --install /root/ros2_ws/src/ur_yt_sim/build/ur_yt_sim
[4.234s] Level 1:colcon.colcon_core.environment:create_environment_scripts_only(ur_yt_sim)
[4.235s] DEBUG:colcon.colcon_core.event_handler.log_command:Invoked command in '/root/ros2_ws/src/ur_yt_sim/build/ur_yt_sim' returned '0': CMAKE_PREFIX_PATH=${CMAKE_PREFIX_PATH}:/opt/ros/humble /usr/bin/cmake --install /root/ros2_ws/src/ur_yt_sim/build/ur_yt_sim
[4.240s] Level 1:colcon.colcon_core.environment:checking '/root/ros2_ws/src/ur_yt_sim/install/ur_yt_sim' for CMake module files
[4.241s] Level 1:colcon.colcon_core.environment:checking '/root/ros2_ws/src/ur_yt_sim/install/ur_yt_sim' for CMake config files
[4.241s] Level 1:colcon.colcon_core.shell:create_environment_hook('ur_yt_sim', 'cmake_prefix_path')
[4.242s] INFO:colcon.colcon_core.shell:Creating environment hook '/root/ros2_ws/src/ur_yt_sim/install/ur_yt_sim/share/ur_yt_sim/hook/cmake_prefix_path.ps1'
[4.242s] INFO:colcon.colcon_core.shell:Creating environment descriptor '/root/ros2_ws/src/ur_yt_sim/install/ur_yt_sim/share/ur_yt_sim/hook/cmake_prefix_path.dsv'
[4.243s] INFO:colcon.colcon_core.shell:Creating environment hook '/root/ros2_ws/src/ur_yt_sim/install/ur_yt_sim/share/ur_yt_sim/hook/cmake_prefix_path.sh'
[4.244s] Level 1:colcon.colcon_core.environment:checking '/root/ros2_ws/src/ur_yt_sim/install/ur_yt_sim/bin'
[4.244s] Level 1:colcon.colcon_core.environment:checking '/root/ros2_ws/src/ur_yt_sim/install/ur_yt_sim/lib/pkgconfig/ur_yt_sim.pc'
[4.247s] Level 1:colcon.colcon_core.environment:checking '/root/ros2_ws/src/ur_yt_sim/install/ur_yt_sim/lib/python3.10/site-packages'
[4.247s] Level 1:colcon.colcon_core.environment:checking '/root/ros2_ws/src/ur_yt_sim/install/ur_yt_sim/bin'
[4.247s] INFO:colcon.colcon_core.shell:Creating package script '/root/ros2_ws/src/ur_yt_sim/install/ur_yt_sim/share/ur_yt_sim/package.ps1'
[4.249s] INFO:colcon.colcon_core.shell:Creating package descriptor '/root/ros2_ws/src/ur_yt_sim/install/ur_yt_sim/share/ur_yt_sim/package.dsv'
[4.250s] INFO:colcon.colcon_core.shell:Creating package script '/root/ros2_ws/src/ur_yt_sim/install/ur_yt_sim/share/ur_yt_sim/package.sh'
[4.251s] INFO:colcon.colcon_core.shell:Creating package script '/root/ros2_ws/src/ur_yt_sim/install/ur_yt_sim/share/ur_yt_sim/package.bash'
[4.252s] INFO:colcon.colcon_core.shell:Creating package script '/root/ros2_ws/src/ur_yt_sim/install/ur_yt_sim/share/ur_yt_sim/package.zsh'
[4.253s] Level 1:colcon.colcon_core.environment:create_file_with_runtime_dependencies(/root/ros2_ws/src/ur_yt_sim/install/ur_yt_sim/share/colcon-core/packages/ur_yt_sim)
[4.294s] Level 1:colcon.colcon_core.environment:create_environment_scripts_only(ur_yt_sim)
[4.294s] Level 1:colcon.colcon_core.environment:checking '/root/ros2_ws/src/ur_yt_sim/install/ur_yt_sim' for CMake module files
[4.295s] Level 1:colcon.colcon_core.environment:checking '/root/ros2_ws/src/ur_yt_sim/install/ur_yt_sim' for CMake config files
[4.296s] Level 1:colcon.colcon_core.shell:create_environment_hook('ur_yt_sim', 'cmake_prefix_path')
[4.296s] INFO:colcon.colcon_core.shell:Creating environment hook '/root/ros2_ws/src/ur_yt_sim/install/ur_yt_sim/share/ur_yt_sim/hook/cmake_prefix_path.ps1'
[4.297s] INFO:colcon.colcon_core.shell:Creating environment descriptor '/root/ros2_ws/src/ur_yt_sim/install/ur_yt_sim/share/ur_yt_sim/hook/cmake_prefix_path.dsv'
[4.297s] INFO:colcon.colcon_core.shell:Creating environment hook '/root/ros2_ws/src/ur_yt_sim/install/ur_yt_sim/share/ur_yt_sim/hook/cmake_prefix_path.sh'
[4.298s] Level 1:colcon.colcon_core.environment:checking '/root/ros2_ws/src/ur_yt_sim/install/ur_yt_sim/bin'
[4.298s] Level 1:colcon.colcon_core.environment:checking '/root/ros2_ws/src/ur_yt_sim/install/ur_yt_sim/lib/pkgconfig/ur_yt_sim.pc'
[4.299s] Level 1:colcon.colcon_core.environment:checking '/root/ros2_ws/src/ur_yt_sim/install/ur_yt_sim/lib/python3.10/site-packages'
[4.299s] Level 1:colcon.colcon_core.environment:checking '/root/ros2_ws/src/ur_yt_sim/install/ur_yt_sim/bin'
[4.300s] INFO:colcon.colcon_core.shell:Creating package script '/root/ros2_ws/src/ur_yt_sim/install/ur_yt_sim/share/ur_yt_sim/package.ps1'
[4.301s] INFO:colcon.colcon_core.shell:Creating package descriptor '/root/ros2_ws/src/ur_yt_sim/install/ur_yt_sim/share/ur_yt_sim/package.dsv'
[4.301s] INFO:colcon.colcon_core.shell:Creating package script '/root/ros2_ws/src/ur_yt_sim/install/ur_yt_sim/share/ur_yt_sim/package.sh'
[4.302s] INFO:colcon.colcon_core.shell:Creating package script '/root/ros2_ws/src/ur_yt_sim/install/ur_yt_sim/share/ur_yt_sim/package.bash'
[4.303s] INFO:colcon.colcon_core.shell:Creating package script '/root/ros2_ws/src/ur_yt_sim/install/ur_yt_sim/share/ur_yt_sim/package.zsh'
[4.303s] Level 1:colcon.colcon_core.environment:create_file_with_runtime_dependencies(/root/ros2_ws/src/ur_yt_sim/install/ur_yt_sim/share/colcon-core/packages/ur_yt_sim)
[4.303s] DEBUG:colcon.colcon_parallel_executor.executor.parallel:closing loop
[4.304s] DEBUG:colcon.colcon_parallel_executor.executor.parallel:loop closed
[4.304s] DEBUG:colcon.colcon_parallel_executor.executor.parallel:run_until_complete finished with '0'
[4.304s] DEBUG:colcon.colcon_core.event_reactor:joining thread
[4.314s] INFO:colcon.colcon_core.plugin_system:Skipping extension 'colcon_notification.desktop_notification.notify_send': Could not find 'notify-send'
[4.314s] INFO:colcon.colcon_core.plugin_system:Skipping extension 'colcon_notification.desktop_notification.terminal_notifier': Not used on non-Darwin systems
[4.314s] INFO:colcon.colcon_core.plugin_system:Skipping extension 'colcon_notification.desktop_notification.win32': Not used on non-Windows systems
[4.314s] INFO:colcon.colcon_notification.desktop_notification:Sending desktop notification using 'notify2'
[4.317s] DEBUG:colcon.colcon_notification.desktop_notification.notify2:Failed to initialize notify2: org.freedesktop.DBus.Error.Spawn.ExecFailed: /usr/bin/dbus-launch terminated abnormally without any error message
[4.318s] DEBUG:colcon.colcon_core.event_reactor:joined thread
[4.318s] INFO:colcon.colcon_core.shell:Creating prefix script '/root/ros2_ws/src/ur_yt_sim/install/local_setup.ps1'
[4.320s] INFO:colcon.colcon_core.shell:Creating prefix util module '/root/ros2_ws/src/ur_yt_sim/install/_local_setup_util_ps1.py'
[4.323s] INFO:colcon.colcon_core.shell:Creating prefix chain script '/root/ros2_ws/src/ur_yt_sim/install/setup.ps1'
[4.329s] INFO:colcon.colcon_core.shell:Creating prefix script '/root/ros2_ws/src/ur_yt_sim/install/local_setup.sh'
[4.334s] INFO:colcon.colcon_core.shell:Creating prefix util module '/root/ros2_ws/src/ur_yt_sim/install/_local_setup_util_sh.py'
[4.357s] INFO:colcon.colcon_core.shell:Creating prefix chain script '/root/ros2_ws/src/ur_yt_sim/install/setup.sh'
[4.369s] INFO:colcon.colcon_core.shell:Creating prefix script '/root/ros2_ws/src/ur_yt_sim/install/local_setup.bash'
[4.370s] INFO:colcon.colcon_core.shell:Creating prefix chain script '/root/ros2_ws/src/ur_yt_sim/install/setup.bash'
[4.375s] INFO:colcon.colcon_core.shell:Creating prefix script '/root/ros2_ws/src/ur_yt_sim/install/local_setup.zsh'
[4.380s] INFO:colcon.colcon_core.shell:Creating prefix chain script '/root/ros2_ws/src/ur_yt_sim/install/setup.zsh'
