[0.007s] Invoking command in '/root/ros2_ws/build/ur_description': /usr/bin/cmake /root/ros2_ws/src/Universal_Robots_ROS2_Description -DCMAKE_INSTALL_PREFIX=/root/ros2_ws/install/ur_description
[0.052s] -- The C compiler identification is GNU 11.4.0
[0.093s] -- The CXX compiler identification is GNU 11.4.0
[0.099s] -- Detecting C compiler ABI info
[0.151s] -- Detecting C compiler ABI info - done
[0.158s] -- Check for working C compiler: /usr/bin/cc - skipped
[0.158s] -- Detecting C compile features
[0.158s] -- Detecting C compile features - done
[0.161s] -- Detecting CXX compiler ABI info
[0.219s] -- Detecting CXX compiler ABI info - done
[0.226s] -- Check for working CXX compiler: /usr/bin/c++ - skipped
[0.226s] -- Detecting CXX compile features
[0.227s] -- Detecting CXX compile features - done
[0.237s] [31mCMake Error at CMakeLists.txt:4 (find_package):
[0.237s]   By not providing "Findament_cmake.cmake" in CMAKE_MODULE_PATH this project
[0.237s]   has asked CMake to find a package configuration file provided by
[0.237s]   "ament_cmake", but CMake did not find one.
[0.237s] 
[0.237s]   Could not find a package configuration file provided by "ament_cmake" with
[0.237s]   any of the following names:
[0.237s] 
[0.237s]     ament_cmakeConfig.cmake
[0.237s]     ament_cmake-config.cmake
[0.237s] 
[0.237s]   Add the installation prefix of "ament_cmake" to CMAKE_PREFIX_PATH or set
[0.237s]   "ament_cmake_DIR" to a directory containing one of the above files.  If
[0.237s]   "ament_cmake" provides a separate development package or SDK, be sure it
[0.237s]   has been installed.
[0.237s] 
[0.237s] [0m
[0.237s] -- Configuring incomplete, errors occurred!
[0.237s] See also "/root/ros2_ws/build/ur_description/CMakeFiles/CMakeOutput.log".
[0.239s] Invoked command in '/root/ros2_ws/build/ur_description' returned '1': /usr/bin/cmake /root/ros2_ws/src/Universal_Robots_ROS2_Description -DCMAKE_INSTALL_PREFIX=/root/ros2_ws/install/ur_description
