[0.015s] Invoking command in '/root/ros2_ws/build/ur_yt_sim': CMAKE_PREFIX_PATH=${CMAKE_PREFIX_PATH}:/opt/ros/humble /usr/bin/cmake /root/ros2_ws/src/ur_yt_sim -DAMENT_CMAKE_SYMLINK_INSTALL=1 -DCMAKE_INSTALL_PREFIX=/root/ros2_ws/install/ur_yt_sim
[0.071s] -- The C compiler identification is GNU 11.4.0
[0.138s] -- The CXX compiler identification is GNU 11.4.0
[0.144s] -- Detecting C compiler ABI info
[0.205s] -- Detecting C compiler ABI info - done
[0.217s] -- Check for working C compiler: /usr/bin/cc - skipped
[0.217s] -- Detecting C compile features
[0.218s] -- Detecting C compile features - done
[0.220s] -- Detecting CXX compiler ABI info
[0.286s] -- Detecting CXX compiler ABI info - done
[0.293s] -- Check for working CXX compiler: /usr/bin/c++ - skipped
[0.293s] -- Detecting CXX compile features
[0.294s] -- Detecting CXX compile features - done
[0.299s] -- Found ament_cmake: 1.3.12 (/opt/ros/humble/share/ament_cmake/cmake)
[0.450s] -- Found Python3: /usr/bin/python3 (found version "3.10.12") found components: Interpreter 
[0.509s] -- Override CMake install command with custom implementation using symlinks instead of copying resources
[0.564s] -- Found xacro: 2.1.1 (/opt/ros/humble/share/xacro/cmake)
[0.568s] -- Found rclcpp: 16.0.15 (/opt/ros/humble/share/rclcpp/cmake)
[0.629s] -- Found rosidl_generator_c: 3.1.7 (/opt/ros/humble/share/rosidl_generator_c/cmake)
[0.639s] -- Found rosidl_adapter: 3.1.7 (/opt/ros/humble/share/rosidl_adapter/cmake)
[0.648s] -- Found rosidl_generator_cpp: 3.1.7 (/opt/ros/humble/share/rosidl_generator_cpp/cmake)
[0.664s] -- Using all available rosidl_typesupport_c: rosidl_typesupport_fastrtps_c;rosidl_typesupport_introspection_c
[0.682s] -- Using all available rosidl_typesupport_cpp: rosidl_typesupport_fastrtps_cpp;rosidl_typesupport_introspection_cpp
[0.748s] -- Found rmw_implementation_cmake: 6.1.2 (/opt/ros/humble/share/rmw_implementation_cmake/cmake)
[0.750s] -- Found rmw_fastrtps_cpp: 6.2.6 (/opt/vulcanexus/humble/share/rmw_fastrtps_cpp/cmake)
[0.829s] -- Found OpenSSL: /usr/lib/x86_64-linux-gnu/libcrypto.so (found version "3.0.2")  
[0.856s] -- Found FastRTPS: /opt/vulcanexus/humble/include  
[0.906s] -- Using RMW implementation 'rmw_fastrtps_cpp' as default
[0.922s] -- Looking for pthread.h
[0.987s] -- Looking for pthread.h - found
[0.987s] -- Performing Test CMAKE_HAVE_LIBC_PTHREAD
[1.048s] -- Performing Test CMAKE_HAVE_LIBC_PTHREAD - Success
[1.049s] -- Found Threads: TRUE  
[1.117s] -- Found trajectory_msgs: 4.9.0 (/opt/ros/humble/share/trajectory_msgs/cmake)
[1.151s] -- Found ament_lint_auto: 0.12.14 (/opt/ros/humble/share/ament_lint_auto/cmake)
[1.252s] -- Added test 'cppcheck' to perform static code analysis on C / C++ code
[1.252s] -- Configured cppcheck include dirs: 
[1.252s] -- Configured cppcheck exclude dirs and/or files: 
[1.254s] -- Added test 'flake8' to check Python code syntax and style conventions
[1.257s] -- Added test 'lint_cmake' to check CMake code style
[1.259s] -- Added test 'pep257' to check Python code against some of the docstring style conventions in PEP 257
[1.270s] -- Added test 'uncrustify' to check C / C++ code style
[1.270s] -- Configured uncrustify additional arguments: 
[1.272s] -- Added test 'xmllint' to check XML markup files
[1.273s] -- Configuring done
[1.278s] -- Generating done
[1.280s] -- Build files have been written to: /root/ros2_ws/build/ur_yt_sim
[1.287s] Invoked command in '/root/ros2_ws/build/ur_yt_sim' returned '0': CMAKE_PREFIX_PATH=${CMAKE_PREFIX_PATH}:/opt/ros/humble /usr/bin/cmake /root/ros2_ws/src/ur_yt_sim -DAMENT_CMAKE_SYMLINK_INSTALL=1 -DCMAKE_INSTALL_PREFIX=/root/ros2_ws/install/ur_yt_sim
[1.291s] Invoking command in '/root/ros2_ws/build/ur_yt_sim': CMAKE_PREFIX_PATH=${CMAKE_PREFIX_PATH}:/opt/ros/humble /usr/bin/cmake --build /root/ros2_ws/build/ur_yt_sim -- -j8 -l8
[1.322s] Invoked command in '/root/ros2_ws/build/ur_yt_sim' returned '0': CMAKE_PREFIX_PATH=${CMAKE_PREFIX_PATH}:/opt/ros/humble /usr/bin/cmake --build /root/ros2_ws/build/ur_yt_sim -- -j8 -l8
[1.324s] Invoking command in '/root/ros2_ws/build/ur_yt_sim': CMAKE_PREFIX_PATH=${CMAKE_PREFIX_PATH}:/opt/ros/humble /usr/bin/cmake --install /root/ros2_ws/build/ur_yt_sim
[1.329s] -- Install configuration: ""
[1.329s] -- Execute custom install script
[1.329s] -- Symlinking: /root/ros2_ws/install/ur_yt_sim/share/ur_yt_sim/launch/spawn_ur16e.launch.py
[1.336s] -- Symlinking: /root/ros2_ws/install/ur_yt_sim/share/ur_yt_sim/launch/view_ur16e.launch.py
[1.342s] -- Symlinking: /root/ros2_ws/install/ur_yt_sim/share/ur_yt_sim/config/initial_positions.yaml
[1.348s] -- Symlinking: /root/ros2_ws/install/ur_yt_sim/share/ur_yt_sim/config/ur16e_controllers.yaml
[1.355s] -- Symlinking: /root/ros2_ws/install/ur_yt_sim/share/ur_yt_sim/urdf/camera.xacro
[1.360s] -- Symlinking: /root/ros2_ws/install/ur_yt_sim/share/ur_yt_sim/urdf/ur16e.ros2_control.xacro
[1.366s] -- Symlinking: /root/ros2_ws/install/ur_yt_sim/share/ur_yt_sim/urdf/ur16e_camera.urdf.xacro
[1.372s] -- Symlinking: /root/ros2_ws/install/ur_yt_sim/share/ur_yt_sim/urdf/ur16e_macro.xacro
[1.378s] -- Symlinking: /root/ros2_ws/install/ur_yt_sim/share/ur_yt_sim/rviz/view_ur16e.rviz
[1.385s] -- Symlinking: /root/ros2_ws/install/ur_yt_sim/share/ament_index/resource_index/package_run_dependencies/ur_yt_sim
[1.393s] -- Symlinking: /root/ros2_ws/install/ur_yt_sim/share/ament_index/resource_index/parent_prefix_path/ur_yt_sim
[1.403s] -- Symlinking: /root/ros2_ws/install/ur_yt_sim/share/ur_yt_sim/environment/ament_prefix_path.sh
[1.410s] -- Symlinking: /root/ros2_ws/install/ur_yt_sim/share/ur_yt_sim/environment/ament_prefix_path.dsv
[1.417s] -- Symlinking: /root/ros2_ws/install/ur_yt_sim/share/ur_yt_sim/environment/path.sh
[1.423s] -- Symlinking: /root/ros2_ws/install/ur_yt_sim/share/ur_yt_sim/environment/path.dsv
[1.429s] -- Symlinking: /root/ros2_ws/install/ur_yt_sim/share/ur_yt_sim/local_setup.bash
[1.435s] -- Symlinking: /root/ros2_ws/install/ur_yt_sim/share/ur_yt_sim/local_setup.sh
[1.442s] -- Symlinking: /root/ros2_ws/install/ur_yt_sim/share/ur_yt_sim/local_setup.zsh
[1.448s] -- Symlinking: /root/ros2_ws/install/ur_yt_sim/share/ur_yt_sim/local_setup.dsv
[1.454s] -- Symlinking: /root/ros2_ws/install/ur_yt_sim/share/ur_yt_sim/package.dsv
[1.460s] -- Symlinking: /root/ros2_ws/install/ur_yt_sim/share/ament_index/resource_index/packages/ur_yt_sim
[1.466s] -- Symlinking: /root/ros2_ws/install/ur_yt_sim/share/ur_yt_sim/cmake/ur_yt_simConfig.cmake
[1.472s] -- Symlinking: /root/ros2_ws/install/ur_yt_sim/share/ur_yt_sim/cmake/ur_yt_simConfig-version.cmake
[1.479s] -- Symlinking: /root/ros2_ws/install/ur_yt_sim/share/ur_yt_sim/package.xml
[1.487s] Invoked command in '/root/ros2_ws/build/ur_yt_sim' returned '0': CMAKE_PREFIX_PATH=${CMAKE_PREFIX_PATH}:/opt/ros/humble /usr/bin/cmake --install /root/ros2_ws/build/ur_yt_sim
