-- Install configuration: ""
-- Up-to-date: /root/ros2_ws/src/ur_yt_sim/install/ur_yt_sim/share/ur_yt_sim/launch
-- Installing: /root/ros2_ws/src/ur_yt_sim/install/ur_yt_sim/share/ur_yt_sim/launch/spawn_ur16e.launch.py
-- Up-to-date: /root/ros2_ws/src/ur_yt_sim/install/ur_yt_sim/share/ur_yt_sim/launch/view_ur16e.launch.py
-- Up-to-date: /root/ros2_ws/src/ur_yt_sim/install/ur_yt_sim/share/ur_yt_sim/config
-- Up-to-date: /root/ros2_ws/src/ur_yt_sim/install/ur_yt_sim/share/ur_yt_sim/config/initial_positions.yaml
-- Up-to-date: /root/ros2_ws/src/ur_yt_sim/install/ur_yt_sim/share/ur_yt_sim/config/ur16e_controllers.yaml
-- Up-to-date: /root/ros2_ws/src/ur_yt_sim/install/ur_yt_sim/share/ur_yt_sim/worlds
-- Up-to-date: /root/ros2_ws/src/ur_yt_sim/install/ur_yt_sim/share/ur_yt_sim/urdf
-- Up-to-date: /root/ros2_ws/src/ur_yt_sim/install/ur_yt_sim/share/ur_yt_sim/urdf/ur16e_camera.urdf.xacro
-- Up-to-date: /root/ros2_ws/src/ur_yt_sim/install/ur_yt_sim/share/ur_yt_sim/urdf/camera.xacro
-- Up-to-date: /root/ros2_ws/src/ur_yt_sim/install/ur_yt_sim/share/ur_yt_sim/urdf/ur16e.ros2_control.xacro
-- Up-to-date: /root/ros2_ws/src/ur_yt_sim/install/ur_yt_sim/share/ur_yt_sim/urdf/ur16e_macro.xacro
-- Up-to-date: /root/ros2_ws/src/ur_yt_sim/install/ur_yt_sim/share/ur_yt_sim/meshes
-- Up-to-date: /root/ros2_ws/src/ur_yt_sim/install/ur_yt_sim/share/ur_yt_sim/rviz
-- Up-to-date: /root/ros2_ws/src/ur_yt_sim/install/ur_yt_sim/share/ur_yt_sim/rviz/view_ur16e.rviz
-- Up-to-date: /root/ros2_ws/src/ur_yt_sim/install/ur_yt_sim/share/ament_index/resource_index/package_run_dependencies/ur_yt_sim
-- Up-to-date: /root/ros2_ws/src/ur_yt_sim/install/ur_yt_sim/share/ament_index/resource_index/parent_prefix_path/ur_yt_sim
-- Up-to-date: /root/ros2_ws/src/ur_yt_sim/install/ur_yt_sim/share/ur_yt_sim/environment/ament_prefix_path.sh
-- Up-to-date: /root/ros2_ws/src/ur_yt_sim/install/ur_yt_sim/share/ur_yt_sim/environment/ament_prefix_path.dsv
-- Up-to-date: /root/ros2_ws/src/ur_yt_sim/install/ur_yt_sim/share/ur_yt_sim/environment/path.sh
-- Up-to-date: /root/ros2_ws/src/ur_yt_sim/install/ur_yt_sim/share/ur_yt_sim/environment/path.dsv
-- Up-to-date: /root/ros2_ws/src/ur_yt_sim/install/ur_yt_sim/share/ur_yt_sim/local_setup.bash
-- Up-to-date: /root/ros2_ws/src/ur_yt_sim/install/ur_yt_sim/share/ur_yt_sim/local_setup.sh
-- Up-to-date: /root/ros2_ws/src/ur_yt_sim/install/ur_yt_sim/share/ur_yt_sim/local_setup.zsh
-- Up-to-date: /root/ros2_ws/src/ur_yt_sim/install/ur_yt_sim/share/ur_yt_sim/local_setup.dsv
-- Installing: /root/ros2_ws/src/ur_yt_sim/install/ur_yt_sim/share/ur_yt_sim/package.dsv
-- Up-to-date: /root/ros2_ws/src/ur_yt_sim/install/ur_yt_sim/share/ament_index/resource_index/packages/ur_yt_sim
-- Up-to-date: /root/ros2_ws/src/ur_yt_sim/install/ur_yt_sim/share/ur_yt_sim/cmake/ur_yt_simConfig.cmake
-- Up-to-date: /root/ros2_ws/src/ur_yt_sim/install/ur_yt_sim/share/ur_yt_sim/cmake/ur_yt_simConfig-version.cmake
-- Up-to-date: /root/ros2_ws/src/ur_yt_sim/install/ur_yt_sim/share/ur_yt_sim/package.xml
