-- Install configuration: ""
-- Execute custom install script
-- Up-to-date symlink: /root/ros2_ws/install/ur_yt_sim/share/ur_yt_sim/launch/spawn_ur16e.launch.py
-- Up-to-date symlink: /root/ros2_ws/install/ur_yt_sim/share/ur_yt_sim/launch/spawn_world.launch.py
-- Up-to-date symlink: /root/ros2_ws/install/ur_yt_sim/share/ur_yt_sim/launch/view_ur16e.launch.py
-- Up-to-date symlink: /root/ros2_ws/install/ur_yt_sim/share/ur_yt_sim/config/initial_positions.yaml
-- Up-to-date symlink: /root/ros2_ws/install/ur_yt_sim/share/ur_yt_sim/config/ur16e_controllers.yaml
-- Up-to-date symlink: /root/ros2_ws/install/ur_yt_sim/share/ur_yt_sim/worlds/world1.world
-- Up-to-date symlink: /root/ros2_ws/install/ur_yt_sim/share/ur_yt_sim/urdf/camera.xacro
-- Up-to-date symlink: /root/ros2_ws/install/ur_yt_sim/share/ur_yt_sim/urdf/test.urd
-- Up-to-date symlink: /root/ros2_ws/install/ur_yt_sim/share/ur_yt_sim/urdf/ur16e.ros2_control.xacro
-- Up-to-date symlink: /root/ros2_ws/install/ur_yt_sim/share/ur_yt_sim/urdf/ur16e_camera.urdf.xacro
-- Up-to-date symlink: /root/ros2_ws/install/ur_yt_sim/share/ur_yt_sim/urdf/ur16e_macro.xacro
-- Symlinking: /root/ros2_ws/install/ur_yt_sim/share/ur_yt_sim/models/inlet/meshes/inlet.dae
-- Symlinking: /root/ros2_ws/install/ur_yt_sim/share/ur_yt_sim/models/inlet/model.config
-- Symlinking: /root/ros2_ws/install/ur_yt_sim/share/ur_yt_sim/models/inlet/model.sdf
-- Up-to-date symlink: /root/ros2_ws/install/ur_yt_sim/share/ur_yt_sim/models/ur16e_base/model.config
-- Up-to-date symlink: /root/ros2_ws/install/ur_yt_sim/share/ur_yt_sim/models/ur16e_base/model.sdf
-- Up-to-date symlink: /root/ros2_ws/install/ur_yt_sim/share/ur_yt_sim/rviz/view_ur16e.rviz
-- Up-to-date symlink: /root/ros2_ws/install/ur_yt_sim/share/ament_index/resource_index/package_run_dependencies/ur_yt_sim
-- Up-to-date symlink: /root/ros2_ws/install/ur_yt_sim/share/ament_index/resource_index/parent_prefix_path/ur_yt_sim
-- Up-to-date symlink: /root/ros2_ws/install/ur_yt_sim/share/ur_yt_sim/environment/ament_prefix_path.sh
-- Up-to-date symlink: /root/ros2_ws/install/ur_yt_sim/share/ur_yt_sim/environment/ament_prefix_path.dsv
-- Up-to-date symlink: /root/ros2_ws/install/ur_yt_sim/share/ur_yt_sim/environment/path.sh
-- Up-to-date symlink: /root/ros2_ws/install/ur_yt_sim/share/ur_yt_sim/environment/path.dsv
-- Up-to-date symlink: /root/ros2_ws/install/ur_yt_sim/share/ur_yt_sim/local_setup.bash
-- Up-to-date symlink: /root/ros2_ws/install/ur_yt_sim/share/ur_yt_sim/local_setup.sh
-- Up-to-date symlink: /root/ros2_ws/install/ur_yt_sim/share/ur_yt_sim/local_setup.zsh
-- Up-to-date symlink: /root/ros2_ws/install/ur_yt_sim/share/ur_yt_sim/local_setup.dsv
-- Symlinking: /root/ros2_ws/install/ur_yt_sim/share/ur_yt_sim/package.dsv
-- Up-to-date symlink: /root/ros2_ws/install/ur_yt_sim/share/ament_index/resource_index/packages/ur_yt_sim
-- Up-to-date symlink: /root/ros2_ws/install/ur_yt_sim/share/ur_yt_sim/cmake/ur_yt_simConfig.cmake
-- Up-to-date symlink: /root/ros2_ws/install/ur_yt_sim/share/ur_yt_sim/cmake/ur_yt_simConfig-version.cmake
-- Up-to-date symlink: /root/ros2_ws/install/ur_yt_sim/share/ur_yt_sim/package.xml
