-- Found ament_cmake: 1.3.12 (/opt/ros/humble/share/ament_cmake/cmake)
-- Override CMake install command with custom implementation using symlinks instead of copying resources
-- Found xacro: 2.1.1 (/opt/ros/humble/share/xacro/cmake)
-- Found rclcpp: 16.0.15 (/opt/ros/humble/share/rclcpp/cmake)
-- Found rosidl_generator_c: 3.1.7 (/opt/ros/humble/share/rosidl_generator_c/cmake)
-- Found rosidl_adapter: 3.1.7 (/opt/ros/humble/share/rosidl_adapter/cmake)
-- Found rosidl_generator_cpp: 3.1.7 (/opt/ros/humble/share/rosidl_generator_cpp/cmake)
-- Using all available rosidl_typesupport_c: rosidl_typesupport_fastrtps_c;rosidl_typesupport_introspection_c
-- Using all available rosidl_typesupport_cpp: rosidl_typesupport_fastrtps_cpp;rosidl_typesupport_introspection_cpp
-- Found rmw_implementation_cmake: 6.1.2 (/opt/ros/humble/share/rmw_implementation_cmake/cmake)
-- Found rmw_fastrtps_cpp: 6.2.6 (/opt/vulcanexus/humble/share/rmw_fastrtps_cpp/cmake)
-- Using RMW implementation 'rmw_fastrtps_cpp' as default
-- Found trajectory_msgs: 4.9.0 (/opt/ros/humble/share/trajectory_msgs/cmake)
-- Found ament_lint_auto: 0.12.14 (/opt/ros/humble/share/ament_lint_auto/cmake)
-- Added test 'cppcheck' to perform static code analysis on C / C++ code
-- Configured cppcheck include dirs: 
-- Configured cppcheck exclude dirs and/or files: 
-- Added test 'flake8' to check Python code syntax and style conventions
-- Added test 'lint_cmake' to check CMake code style
-- Added test 'pep257' to check Python code against some of the docstring style conventions in PEP 257
-- Added test 'uncrustify' to check C / C++ code style
-- Configured uncrustify additional arguments: 
-- Added test 'xmllint' to check XML markup files
-- Configuring done
-- Generating done
-- Build files have been written to: /root/ros2_ws/build/ur_yt_sim
-- Install configuration: ""
-- Execute custom install script
-- Up-to-date symlink: /root/ros2_ws/install/ur_yt_sim/share/ur_yt_sim/launch/spawn_ur16e.launch.py
-- Symlinking: /root/ros2_ws/install/ur_yt_sim/share/ur_yt_sim/launch/spawn_world.launch.py
-- Up-to-date symlink: /root/ros2_ws/install/ur_yt_sim/share/ur_yt_sim/launch/view_ur16e.launch.py
-- Up-to-date symlink: /root/ros2_ws/install/ur_yt_sim/share/ur_yt_sim/config/initial_positions.yaml
-- Up-to-date symlink: /root/ros2_ws/install/ur_yt_sim/share/ur_yt_sim/config/ur16e_controllers.yaml
-- Symlinking: /root/ros2_ws/install/ur_yt_sim/share/ur_yt_sim/worlds/world1.world
-- Up-to-date symlink: /root/ros2_ws/install/ur_yt_sim/share/ur_yt_sim/urdf/camera.xacro
-- Symlinking: /root/ros2_ws/install/ur_yt_sim/share/ur_yt_sim/urdf/test.urd
-- Up-to-date symlink: /root/ros2_ws/install/ur_yt_sim/share/ur_yt_sim/urdf/ur16e.ros2_control.xacro
-- Up-to-date symlink: /root/ros2_ws/install/ur_yt_sim/share/ur_yt_sim/urdf/ur16e_camera.urdf.xacro
-- Up-to-date symlink: /root/ros2_ws/install/ur_yt_sim/share/ur_yt_sim/urdf/ur16e_macro.xacro
-- Symlinking: /root/ros2_ws/install/ur_yt_sim/share/ur_yt_sim/models/ur16e_base/model.config
-- Symlinking: /root/ros2_ws/install/ur_yt_sim/share/ur_yt_sim/models/ur16e_base/model.sdf
-- Up-to-date symlink: /root/ros2_ws/install/ur_yt_sim/share/ur_yt_sim/rviz/view_ur16e.rviz
-- Up-to-date symlink: /root/ros2_ws/install/ur_yt_sim/share/ament_index/resource_index/package_run_dependencies/ur_yt_sim
-- Up-to-date symlink: /root/ros2_ws/install/ur_yt_sim/share/ament_index/resource_index/parent_prefix_path/ur_yt_sim
-- Up-to-date symlink: /root/ros2_ws/install/ur_yt_sim/share/ur_yt_sim/environment/ament_prefix_path.sh
-- Up-to-date symlink: /root/ros2_ws/install/ur_yt_sim/share/ur_yt_sim/environment/ament_prefix_path.dsv
-- Up-to-date symlink: /root/ros2_ws/install/ur_yt_sim/share/ur_yt_sim/environment/path.sh
-- Up-to-date symlink: /root/ros2_ws/install/ur_yt_sim/share/ur_yt_sim/environment/path.dsv
-- Up-to-date symlink: /root/ros2_ws/install/ur_yt_sim/share/ur_yt_sim/local_setup.bash
-- Up-to-date symlink: /root/ros2_ws/install/ur_yt_sim/share/ur_yt_sim/local_setup.sh
-- Up-to-date symlink: /root/ros2_ws/install/ur_yt_sim/share/ur_yt_sim/local_setup.zsh
-- Up-to-date symlink: /root/ros2_ws/install/ur_yt_sim/share/ur_yt_sim/local_setup.dsv
-- Symlinking: /root/ros2_ws/install/ur_yt_sim/share/ur_yt_sim/package.dsv
-- Up-to-date symlink: /root/ros2_ws/install/ur_yt_sim/share/ament_index/resource_index/packages/ur_yt_sim
-- Up-to-date symlink: /root/ros2_ws/install/ur_yt_sim/share/ur_yt_sim/cmake/ur_yt_simConfig.cmake
-- Up-to-date symlink: /root/ros2_ws/install/ur_yt_sim/share/ur_yt_sim/cmake/ur_yt_simConfig-version.cmake
-- Up-to-date symlink: /root/ros2_ws/install/ur_yt_sim/share/ur_yt_sim/package.xml
