[0.014s] Invoking command in '/root/ros2_ws/build/ur_yt_sim': CMAKE_PREFIX_PATH=${CMAKE_PREFIX_PATH}:/opt/ros/humble /usr/bin/cmake /root/ros2_ws/src/ur_yt_sim -DCMAKE_INSTALL_PREFIX=/root/ros2_ws/install/ur_yt_sim
[0.025s] -- Found ament_cmake: 1.3.12 (/opt/ros/humble/share/ament_cmake/cmake)
[0.145s] -- Override CMake install command with custom implementation using symlinks instead of copying resources
[0.152s] -- Found xacro: 2.1.1 (/opt/ros/humble/share/xacro/cmake)
[0.152s] -- Found rclcpp: 16.0.15 (/opt/ros/humble/share/rclcpp/cmake)
[0.180s] -- Found rosidl_generator_c: 3.1.7 (/opt/ros/humble/share/rosidl_generator_c/cmake)
[0.182s] -- Found rosidl_adapter: 3.1.7 (/opt/ros/humble/share/rosidl_adapter/cmake)
[0.189s] -- Found rosidl_generator_cpp: 3.1.7 (/opt/ros/humble/share/rosidl_generator_cpp/cmake)
[0.205s] -- Using all available rosidl_typesupport_c: rosidl_typesupport_fastrtps_c;rosidl_typesupport_introspection_c
[0.217s] -- Using all available rosidl_typesupport_cpp: rosidl_typesupport_fastrtps_cpp;rosidl_typesupport_introspection_cpp
[0.249s] -- Found rmw_implementation_cmake: 6.1.2 (/opt/ros/humble/share/rmw_implementation_cmake/cmake)
[0.250s] -- Found rmw_fastrtps_cpp: 6.2.6 (/opt/vulcanexus/humble/share/rmw_fastrtps_cpp/cmake)
[0.373s] -- Using RMW implementation 'rmw_fastrtps_cpp' as default
[0.434s] -- Found trajectory_msgs: 4.9.0 (/opt/ros/humble/share/trajectory_msgs/cmake)
[0.465s] -- Found ament_lint_auto: 0.12.14 (/opt/ros/humble/share/ament_lint_auto/cmake)
[0.548s] -- Added test 'cppcheck' to perform static code analysis on C / C++ code
[0.548s] -- Configured cppcheck include dirs: 
[0.548s] -- Configured cppcheck exclude dirs and/or files: 
[0.550s] -- Added test 'flake8' to check Python code syntax and style conventions
[0.553s] -- Added test 'lint_cmake' to check CMake code style
[0.555s] -- Added test 'pep257' to check Python code against some of the docstring style conventions in PEP 257
[0.566s] -- Added test 'uncrustify' to check C / C++ code style
[0.566s] -- Configured uncrustify additional arguments: 
[0.567s] -- Added test 'xmllint' to check XML markup files
[0.568s] -- Configuring done
[0.572s] -- Generating done
[0.574s] -- Build files have been written to: /root/ros2_ws/build/ur_yt_sim
[0.579s] Invoked command in '/root/ros2_ws/build/ur_yt_sim' returned '0': CMAKE_PREFIX_PATH=${CMAKE_PREFIX_PATH}:/opt/ros/humble /usr/bin/cmake /root/ros2_ws/src/ur_yt_sim -DCMAKE_INSTALL_PREFIX=/root/ros2_ws/install/ur_yt_sim
[0.581s] Invoking command in '/root/ros2_ws/build/ur_yt_sim': CMAKE_PREFIX_PATH=${CMAKE_PREFIX_PATH}:/opt/ros/humble /usr/bin/cmake --build /root/ros2_ws/build/ur_yt_sim -- -j8 -l8
[0.617s] Invoked command in '/root/ros2_ws/build/ur_yt_sim' returned '0': CMAKE_PREFIX_PATH=${CMAKE_PREFIX_PATH}:/opt/ros/humble /usr/bin/cmake --build /root/ros2_ws/build/ur_yt_sim -- -j8 -l8
[0.625s] Invoking command in '/root/ros2_ws/build/ur_yt_sim': CMAKE_PREFIX_PATH=${CMAKE_PREFIX_PATH}:/opt/ros/humble /usr/bin/cmake --install /root/ros2_ws/build/ur_yt_sim
[0.631s] -- Install configuration: ""
[0.631s] -- Execute custom install script
[0.631s] -- Up-to-date symlink: /root/ros2_ws/install/ur_yt_sim/share/ur_yt_sim/launch/spawn_ur16e.launch.py
[0.631s] -- Symlinking: /root/ros2_ws/install/ur_yt_sim/share/ur_yt_sim/launch/spawn_world.launch.py
[0.638s] -- Up-to-date symlink: /root/ros2_ws/install/ur_yt_sim/share/ur_yt_sim/launch/view_ur16e.launch.py
[0.638s] -- Up-to-date symlink: /root/ros2_ws/install/ur_yt_sim/share/ur_yt_sim/config/initial_positions.yaml
[0.638s] -- Up-to-date symlink: /root/ros2_ws/install/ur_yt_sim/share/ur_yt_sim/config/ur16e_controllers.yaml
[0.639s] -- Symlinking: /root/ros2_ws/install/ur_yt_sim/share/ur_yt_sim/worlds/world1.world
[0.646s] -- Up-to-date symlink: /root/ros2_ws/install/ur_yt_sim/share/ur_yt_sim/urdf/camera.xacro
[0.646s] -- Symlinking: /root/ros2_ws/install/ur_yt_sim/share/ur_yt_sim/urdf/test.urd
[0.652s] -- Up-to-date symlink: /root/ros2_ws/install/ur_yt_sim/share/ur_yt_sim/urdf/ur16e.ros2_control.xacro
[0.652s] -- Up-to-date symlink: /root/ros2_ws/install/ur_yt_sim/share/ur_yt_sim/urdf/ur16e_camera.urdf.xacro
[0.652s] -- Up-to-date symlink: /root/ros2_ws/install/ur_yt_sim/share/ur_yt_sim/urdf/ur16e_macro.xacro
[0.652s] -- Symlinking: /root/ros2_ws/install/ur_yt_sim/share/ur_yt_sim/models/ur16e_base/model.config
[0.659s] -- Symlinking: /root/ros2_ws/install/ur_yt_sim/share/ur_yt_sim/models/ur16e_base/model.sdf
[0.665s] -- Up-to-date symlink: /root/ros2_ws/install/ur_yt_sim/share/ur_yt_sim/rviz/view_ur16e.rviz
[0.665s] -- Up-to-date symlink: /root/ros2_ws/install/ur_yt_sim/share/ament_index/resource_index/package_run_dependencies/ur_yt_sim
[0.665s] -- Up-to-date symlink: /root/ros2_ws/install/ur_yt_sim/share/ament_index/resource_index/parent_prefix_path/ur_yt_sim
[0.666s] -- Up-to-date symlink: /root/ros2_ws/install/ur_yt_sim/share/ur_yt_sim/environment/ament_prefix_path.sh
[0.666s] -- Up-to-date symlink: /root/ros2_ws/install/ur_yt_sim/share/ur_yt_sim/environment/ament_prefix_path.dsv
[0.666s] -- Up-to-date symlink: /root/ros2_ws/install/ur_yt_sim/share/ur_yt_sim/environment/path.sh
[0.666s] -- Up-to-date symlink: /root/ros2_ws/install/ur_yt_sim/share/ur_yt_sim/environment/path.dsv
[0.666s] -- Up-to-date symlink: /root/ros2_ws/install/ur_yt_sim/share/ur_yt_sim/local_setup.bash
[0.666s] -- Up-to-date symlink: /root/ros2_ws/install/ur_yt_sim/share/ur_yt_sim/local_setup.sh
[0.666s] -- Up-to-date symlink: /root/ros2_ws/install/ur_yt_sim/share/ur_yt_sim/local_setup.zsh
[0.666s] -- Up-to-date symlink: /root/ros2_ws/install/ur_yt_sim/share/ur_yt_sim/local_setup.dsv
[0.666s] -- Symlinking: /root/ros2_ws/install/ur_yt_sim/share/ur_yt_sim/package.dsv
[0.673s] -- Up-to-date symlink: /root/ros2_ws/install/ur_yt_sim/share/ament_index/resource_index/packages/ur_yt_sim
[0.673s] -- Up-to-date symlink: /root/ros2_ws/install/ur_yt_sim/share/ur_yt_sim/cmake/ur_yt_simConfig.cmake
[0.673s] -- Up-to-date symlink: /root/ros2_ws/install/ur_yt_sim/share/ur_yt_sim/cmake/ur_yt_simConfig-version.cmake
[0.673s] -- Up-to-date symlink: /root/ros2_ws/install/ur_yt_sim/share/ur_yt_sim/package.xml
[0.675s] Invoked command in '/root/ros2_ws/build/ur_yt_sim' returned '0': CMAKE_PREFIX_PATH=${CMAKE_PREFIX_PATH}:/opt/ros/humble /usr/bin/cmake --install /root/ros2_ws/build/ur_yt_sim
