[0.011s] Invoking command in '/root/ros2_ws/src/ur_yt_sim/build/ur_yt_sim': CMAKE_PREFIX_PATH=${CMAKE_PREFIX_PATH}:/opt/ros/humble /usr/bin/cmake --build /root/ros2_ws/src/ur_yt_sim/build/ur_yt_sim -- -j8 -l8
[0.043s] Invoked command in '/root/ros2_ws/src/ur_yt_sim/build/ur_yt_sim' returned '0': CMAKE_PREFIX_PATH=${CMAKE_PREFIX_PATH}:/opt/ros/humble /usr/bin/cmake --build /root/ros2_ws/src/ur_yt_sim/build/ur_yt_sim -- -j8 -l8
[0.073s] Invoking command in '/root/ros2_ws/src/ur_yt_sim/build/ur_yt_sim': CMAKE_PREFIX_PATH=${CMAKE_PREFIX_PATH}:/opt/ros/humble /usr/bin/cmake --install /root/ros2_ws/src/ur_yt_sim/build/ur_yt_sim
[0.079s] -- Install configuration: ""
[0.079s] -- Up-to-date: /root/ros2_ws/src/ur_yt_sim/install/ur_yt_sim/share/ur_yt_sim/launch
[0.079s] -- Up-to-date: /root/ros2_ws/src/ur_yt_sim/install/ur_yt_sim/share/ur_yt_sim/launch/view_ur16e.launch.py
[0.079s] -- Up-to-date: /root/ros2_ws/src/ur_yt_sim/install/ur_yt_sim/share/ur_yt_sim/config
[0.079s] -- Up-to-date: /root/ros2_ws/src/ur_yt_sim/install/ur_yt_sim/share/ur_yt_sim/config/initial_positions.yaml
[0.079s] -- Up-to-date: /root/ros2_ws/src/ur_yt_sim/install/ur_yt_sim/share/ur_yt_sim/config/ur16e_controllers.yaml
[0.079s] -- Up-to-date: /root/ros2_ws/src/ur_yt_sim/install/ur_yt_sim/share/ur_yt_sim/worlds
[0.079s] -- Up-to-date: /root/ros2_ws/src/ur_yt_sim/install/ur_yt_sim/share/ur_yt_sim/urdf
[0.080s] -- Installing: /root/ros2_ws/src/ur_yt_sim/install/ur_yt_sim/share/ur_yt_sim/urdf/ur16e_camera.urdf.xacro
[0.080s] -- Up-to-date: /root/ros2_ws/src/ur_yt_sim/install/ur_yt_sim/share/ur_yt_sim/urdf/camera.xacro
[0.080s] -- Up-to-date: /root/ros2_ws/src/ur_yt_sim/install/ur_yt_sim/share/ur_yt_sim/urdf/ur16e.ros2_control.xacro
[0.080s] -- Up-to-date: /root/ros2_ws/src/ur_yt_sim/install/ur_yt_sim/share/ur_yt_sim/urdf/ur16e_macro.xacro
[0.080s] -- Up-to-date: /root/ros2_ws/src/ur_yt_sim/install/ur_yt_sim/share/ur_yt_sim/meshes
[0.080s] -- Up-to-date: /root/ros2_ws/src/ur_yt_sim/install/ur_yt_sim/share/ur_yt_sim/rviz
[0.080s] -- Up-to-date: /root/ros2_ws/src/ur_yt_sim/install/ur_yt_sim/share/ament_index/resource_index/package_run_dependencies/ur_yt_sim
[0.080s] -- Up-to-date: /root/ros2_ws/src/ur_yt_sim/install/ur_yt_sim/share/ament_index/resource_index/parent_prefix_path/ur_yt_sim
[0.080s] -- Up-to-date: /root/ros2_ws/src/ur_yt_sim/install/ur_yt_sim/share/ur_yt_sim/environment/ament_prefix_path.sh
[0.080s] -- Up-to-date: /root/ros2_ws/src/ur_yt_sim/install/ur_yt_sim/share/ur_yt_sim/environment/ament_prefix_path.dsv
[0.080s] -- Up-to-date: /root/ros2_ws/src/ur_yt_sim/install/ur_yt_sim/share/ur_yt_sim/environment/path.sh
[0.080s] -- Up-to-date: /root/ros2_ws/src/ur_yt_sim/install/ur_yt_sim/share/ur_yt_sim/environment/path.dsv
[0.080s] -- Up-to-date: /root/ros2_ws/src/ur_yt_sim/install/ur_yt_sim/share/ur_yt_sim/local_setup.bash
[0.081s] -- Up-to-date: /root/ros2_ws/src/ur_yt_sim/install/ur_yt_sim/share/ur_yt_sim/local_setup.sh
[0.081s] -- Up-to-date: /root/ros2_ws/src/ur_yt_sim/install/ur_yt_sim/share/ur_yt_sim/local_setup.zsh
[0.081s] -- Up-to-date: /root/ros2_ws/src/ur_yt_sim/install/ur_yt_sim/share/ur_yt_sim/local_setup.dsv
[0.081s] -- Up-to-date: /root/ros2_ws/src/ur_yt_sim/install/ur_yt_sim/share/ur_yt_sim/package.dsv
[0.081s] -- Up-to-date: /root/ros2_ws/src/ur_yt_sim/install/ur_yt_sim/share/ament_index/resource_index/packages/ur_yt_sim
[0.081s] -- Up-to-date: /root/ros2_ws/src/ur_yt_sim/install/ur_yt_sim/share/ur_yt_sim/cmake/ur_yt_simConfig.cmake
[0.081s] -- Up-to-date: /root/ros2_ws/src/ur_yt_sim/install/ur_yt_sim/share/ur_yt_sim/cmake/ur_yt_simConfig-version.cmake
[0.082s] -- Up-to-date: /root/ros2_ws/src/ur_yt_sim/install/ur_yt_sim/share/ur_yt_sim/package.xml
[0.082s] Invoked command in '/root/ros2_ws/src/ur_yt_sim/build/ur_yt_sim' returned '0': CMAKE_PREFIX_PATH=${CMAKE_PREFIX_PATH}:/opt/ros/humble /usr/bin/cmake --install /root/ros2_ws/src/ur_yt_sim/build/ur_yt_sim
